1636707090926	geckodriver	INFO	Listening on 127.0.0.1:59640
1636707090940	mozrunner::runner	INFO	Running command: "/Applications/Firefox.app/Contents/MacOS/firefox-bin" "--marionette" "--remote-debugging-port" "59641" "-foreground" "-no-remote" "-profile" "/var/folders/f5/g0b9h0w5559912c3thv47px80000gn/T/rust_mozprofiles2iY06"
1636707091417	Marionette	INFO	Marionette enabled
console.warn: SearchSettings: "get: No settings file exists, new profile?" (new NotFoundError("Could not open the file at /var/folders/f5/g0b9h0w5559912c3thv47px80000gn/T/rust_mozprofiles2iY06/search.json.mozlz4", (void 0)))
console.error: BackgroundUpdate: 
  _reasonsToNotScheduleUpdates: Failed to check for Maintenance Service Registry Key: [Exception... "Component returned failure code: 0x80004001 (NS_ERROR_NOT_IMPLEMENTED) [nsIUpdateProcessor.getServiceRegKeyExists]"  nsresult: "0x80004001 (NS_ERROR_NOT_IMPLEMENTED)"  location: "JS frame :: resource://gre/modules/BackgroundUpdate.jsm :: _reasonsToNotScheduleUpdates :: line 243"  data: no]
DevTools listening on ws://localhost:59641/devtools/browser/97a13ee7-7c75-fa4c-8513-8eaa01b0eeb8
1636707094255	Marionette	INFO	Listening on port 59646
1636707094335	RemoteAgent	WARN	TLS certificate errors will be ignored for this session
JavaScript warning: https://z.moatads.com/quantcastv2691176990399/moatad.js#moatClientLevel1=p-1RYxePXT9bCS2&moatClientLevel2=qfm&moatClientLevel3=30f16898-d157-446d-b338-4017aa1c30a7&moatClientLevel4=1da19062-1b8b-4758-8000-b690c455ba60&uid=ltrtpceOufeWjb2gxd3r9sCJvaSTi7aikdjqpp3Yv6SR2Omikt3uo_2YLeU=, line 255: WEBGL_debug_renderer_info is deprecated in Firefox and will be removed. Please use RENDERER.
JavaScript warning: https://pagead2.googlesyndication.com/bg/Ydwwnsiz0RrvfpNl89rQqoBRiFg6eVxNIdbgsmjvwYM.js line 1 > eval line 956 > eval line 1 > eval line 1 > eval, line 1: WEBGL_debug_renderer_info is deprecated in Firefox and will be removed. Please use RENDERER.
JavaScript warning: https://pagead2.googlesyndication.com/bg/Ydwwnsiz0RrvfpNl89rQqoBRiFg6eVxNIdbgsmjvwYM.js line 1 > eval line 1214 > eval line 1 > eval line 1 > eval, line 1: WEBGL_debug_renderer_info is deprecated in Firefox and will be removed. Please use RENDERER.
JavaScript warning: https://pagead2.googlesyndication.com/bg/Ydwwnsiz0RrvfpNl89rQqoBRiFg6eVxNIdbgsmjvwYM.js line 1 > eval line 2028 > eval line 1 > eval line 1 > eval, line 1: WEBGL_debug_renderer_info is deprecated in Firefox and will be removed. Please use RENDERER.
JavaScript error: , line 0: uncaught exception: 7
JavaScript error: https://ads.pubmatic.com/AdServer/js/user_sync.html?kdntuid=1&p=159432, line 1: ReferenceError: CommonMeta is not defined
JavaScript error: https://ads.pubmatic.com/AdServer/js/user_sync.html?predirect=https%3A%2F%2Fsync.quantumdex.io%2Fsetuid%3Fbidder%3Dpubmatic%26uid%3D, line 1: ReferenceError: CommonMeta is not defined
JavaScript error: https://ads.pubmatic.com/AdServer/js/user_sync.html?p=137711&s=137812&predirect=https%3A%2F%2Fce.lijit.com%2Fmerge%3Fpid%3D58%263pid%3D&gdpr=0&gdpr_consent=, line 1: ReferenceError: CommonMeta is not defined
[Child 36012, MediaDecoderStateMachine #1] WARNING: 120b50a00 Could not set cubeb stream name.: file /builds/worker/checkouts/gecko/dom/media/AudioStream.cpp:367
[Child 36012, MediaDecoderStateMachine #1] WARNING: 125b60c00 Could not set cubeb stream name.: file /builds/worker/checkouts/gecko/dom/media/AudioStream.cpp:367
JavaScript warning: https://pagead2.googlesyndication.com/bg/Ydwwnsiz0RrvfpNl89rQqoBRiFg6eVxNIdbgsmjvwYM.js line 1 > eval line 3340 > eval line 1 > eval line 1 > eval, line 1: WEBGL_debug_renderer_info is deprecated in Firefox and will be removed. Please use RENDERER.
JavaScript error: https://ads.pubmatic.com/AdServer/js/user_sync.html?p=159110&predirect=https%3A%2F%2Fmp.4dex.io%2Fsetuid%3Fbidder%3Dpubmatic%26uid%3D(PM_UID), line 1: ReferenceError: CommonMeta is not defined
JavaScript error: , line 0: TypeError: NetworkError when attempting to fetch resource.
JavaScript error: , line 0: TypeError: NetworkError when attempting to fetch resource.
JavaScript error: , line 0: TypeError: NetworkError when attempting to fetch resource.
JavaScript error: , line 0: TypeError: NetworkError when attempting to fetch resource.
JavaScript error: , line 0: TypeError: NetworkError when attempting to fetch resource.
JavaScript error: , line 0: TypeError: NetworkError when attempting to fetch resource.
JavaScript error: https://c1.imgiz.com/player_others/html5/DisplayVast2.js?v=4, line 1478: TypeError: _vpaidContainer.contentWindow is null
JavaScript error: https://c1.imgiz.com/player_others/html5/DisplayVast2.js?v=4, line 1478: TypeError: _vpaidContainer.contentWindow is null
JavaScript error: https://c1.imgiz.com/player_others/html5/DisplayVast2.js?v=4, line 1478: TypeError: _vpaidContainer.contentWindow is null
JavaScript warning: https://pagead2.googlesyndication.com/bg/Ydwwnsiz0RrvfpNl89rQqoBRiFg6eVxNIdbgsmjvwYM.js line 1 > eval line 1938 > eval line 1 > eval line 1 > eval, line 1: WEBGL_debug_renderer_info is deprecated in Firefox and will be removed. Please use RENDERER.
JavaScript error: https://c1.imgiz.com/player_others/html5/DisplayVast2.js?v=4, line 1478: TypeError: _vpaidContainer.contentWindow is null
JavaScript warning: https://pagead2.googlesyndication.com/bg/Ydwwnsiz0RrvfpNl89rQqoBRiFg6eVxNIdbgsmjvwYM.js line 1 > eval line 2510 > eval line 1 > eval line 1 > eval, line 1: WEBGL_debug_renderer_info is deprecated in Firefox and will be removed. Please use RENDERER.
JavaScript warning: https://pagead2.googlesyndication.com/bg/Ydwwnsiz0RrvfpNl89rQqoBRiFg6eVxNIdbgsmjvwYM.js line 1 > eval line 1646 > eval line 1 > eval line 1 > eval, line 1: WEBGL_debug_renderer_info is deprecated in Firefox and will be removed. Please use RENDERER.
JavaScript warning: https://pagead2.googlesyndication.com/bg/Ydwwnsiz0RrvfpNl89rQqoBRiFg6eVxNIdbgsmjvwYM.js line 1 > eval line 7216 > eval line 1 > eval line 1 > eval, line 1: WEBGL_debug_renderer_info is deprecated in Firefox and will be removed. Please use RENDERER.
JavaScript error: , line 0: TypeError: NetworkError when attempting to fetch resource.
JavaScript error: , line 0: TypeError: NetworkError when attempting to fetch resource.
JavaScript error: , line 0: TypeError: NetworkError when attempting to fetch resource.
JavaScript error: , line 0: TypeError: NetworkError when attempting to fetch resource.
JavaScript error: https://c1.imgiz.com/player_others/html5/DisplayVast2.js?v=4, line 1478: TypeError: _vpaidContainer.contentWindow is null
JavaScript error: https://c1.imgiz.com/player_others/html5/DisplayVast2.js?v=4, line 1478: TypeError: _vpaidContainer.contentWindow is null
JavaScript error: https://c1.imgiz.com/player_others/html5/DisplayVast2.js?v=4, line 1478: TypeError: _vpaidContainer.contentWindow is null
JavaScript warning: https://pagead2.googlesyndication.com/bg/Ydwwnsiz0RrvfpNl89rQqoBRiFg6eVxNIdbgsmjvwYM.js line 1 > eval line 5708 > eval line 1 > eval line 1 > eval, line 1: WEBGL_debug_renderer_info is deprecated in Firefox and will be removed. Please use RENDERER.
JavaScript warning: https://z.moatads.com/quantcastv2691176990399/moatad.js#moatClientLevel1=p-1RYxePXT9bCS2&moatClientLevel2=qfm&moatClientLevel3=30f16898-d157-446d-b338-4017aa1c30a7&moatClientLevel4=1ee9313b-bde2-4a62-82b0-04af2ff0e23f&uid=ezdN0kMZOOFLNxrrFzgDymMvAO1KLx-Hf48=, line 255: WEBGL_debug_renderer_info is deprecated in Firefox and will be removed. Please use RENDERER.
JavaScript warning: https://pagead2.googlesyndication.com/bg/Ydwwnsiz0RrvfpNl89rQqoBRiFg6eVxNIdbgsmjvwYM.js line 1 > eval line 2385 > eval line 1 > eval line 1 > eval, line 1: WEBGL_debug_renderer_info is deprecated in Firefox and will be removed. Please use RENDERER.
JavaScript error: https://c1.imgiz.com/player_others/html5/DisplayVast2.js?v=4, line 1478: TypeError: _vpaidContainer.contentWindow is null
JavaScript warning: https://pagead2.googlesyndication.com/bg/Ydwwnsiz0RrvfpNl89rQqoBRiFg6eVxNIdbgsmjvwYM.js line 1 > eval line 6043 > eval line 1 > eval line 1 > eval, line 1: WEBGL_debug_renderer_info is deprecated in Firefox and will be removed. Please use RENDERER.
JavaScript error: , line 0: TypeError: NetworkError when attempting to fetch resource.
JavaScript error: , line 0: TypeError: NetworkError when attempting to fetch resource.
JavaScript error: , line 0: TypeError: NetworkError when attempting to fetch resource.
JavaScript error: , line 0: TypeError: NetworkError when attempting to fetch resource.
JavaScript error: https://c1.imgiz.com/player_others/html5/DisplayVast2.js?v=4, line 1478: TypeError: _vpaidContainer.contentWindow is null
JavaScript error: https://c1.imgiz.com/player_others/html5/DisplayVast2.js?v=4, line 1478: TypeError: _vpaidContainer.contentWindow is null
JavaScript error: https://c1.imgiz.com/player_others/html5/DisplayVast2.js?v=4, line 1478: TypeError: _vpaidContainer.contentWindow is null
JavaScript warning: https://pagead2.googlesyndication.com/bg/Ydwwnsiz0RrvfpNl89rQqoBRiFg6eVxNIdbgsmjvwYM.js line 1 > eval line 2445 > eval line 1 > eval line 1 > eval, line 1: WEBGL_debug_renderer_info is deprecated in Firefox and will be removed. Please use RENDERER.
JavaScript warning: https://pagead2.googlesyndication.com/bg/Ydwwnsiz0RrvfpNl89rQqoBRiFg6eVxNIdbgsmjvwYM.js line 1 > eval line 438 > eval line 1 > eval line 1 > eval, line 1: WEBGL_debug_renderer_info is deprecated in Firefox and will be removed. Please use RENDERER.
JavaScript warning: https://pagead2.googlesyndication.com/bg/Ydwwnsiz0RrvfpNl89rQqoBRiFg6eVxNIdbgsmjvwYM.js line 1 > eval line 187 > eval line 1 > eval line 1 > eval, line 1: WEBGL_debug_renderer_info is deprecated in Firefox and will be removed. Please use RENDERER.
JavaScript warning: https://pagead2.googlesyndication.com/bg/Ydwwnsiz0RrvfpNl89rQqoBRiFg6eVxNIdbgsmjvwYM.js line 1 > eval line 7521 > eval line 1 > eval line 1 > eval, line 1: WEBGL_debug_renderer_info is deprecated in Firefox and will be removed. Please use RENDERER.
JavaScript error: https://c1.imgiz.com/player_others/html5/DisplayVast2.js?v=4, line 1478: TypeError: _vpaidContainer.contentWindow is null
JavaScript error: , line 0: TypeError: NetworkError when attempting to fetch resource.
JavaScript error: , line 0: TypeError: NetworkError when attempting to fetch resource.
JavaScript error: , line 0: TypeError: NetworkError when attempting to fetch resource.
JavaScript error: , line 0: TypeError: NetworkError when attempting to fetch resource.
JavaScript error: https://c1.imgiz.com/player_others/html5/DisplayVast2.js?v=4, line 1478: TypeError: _vpaidContainer.contentWindow is null
JavaScript error: https://c1.imgiz.com/player_others/html5/DisplayVast2.js?v=4, line 1478: TypeError: _vpaidContainer.contentWindow is null
JavaScript error: https://c1.imgiz.com/player_others/html5/DisplayVast2.js?v=4, line 1478: TypeError: _vpaidContainer.contentWindow is null
JavaScript warning: https://pagead2.googlesyndication.com/bg/Ydwwnsiz0RrvfpNl89rQqoBRiFg6eVxNIdbgsmjvwYM.js line 1 > eval line 7218 > eval line 1 > eval line 1 > eval, line 1: WEBGL_debug_renderer_info is deprecated in Firefox and will be removed. Please use RENDERER.
JavaScript error: https://c1.imgiz.com/player_others/html5/DisplayVast2.js?v=4, line 1478: TypeError: _vpaidContainer.contentWindow is null
JavaScript warning: https://pagead2.googlesyndication.com/bg/Ydwwnsiz0RrvfpNl89rQqoBRiFg6eVxNIdbgsmjvwYM.js line 1 > eval line 6497 > eval line 1 > eval line 1 > eval, line 1: WEBGL_debug_renderer_info is deprecated in Firefox and will be removed. Please use RENDERER.
JavaScript warning: https://pagead2.googlesyndication.com/bg/Ydwwnsiz0RrvfpNl89rQqoBRiFg6eVxNIdbgsmjvwYM.js line 1 > eval line 2323 > eval line 1 > eval line 1 > eval, line 1: WEBGL_debug_renderer_info is deprecated in Firefox and will be removed. Please use RENDERER.
JavaScript warning: https://pagead2.googlesyndication.com/bg/Ydwwnsiz0RrvfpNl89rQqoBRiFg6eVxNIdbgsmjvwYM.js line 1 > eval line 7289 > eval line 1 > eval line 1 > eval, line 1: WEBGL_debug_renderer_info is deprecated in Firefox and will be removed. Please use RENDERER.
JavaScript warning: https://pagead2.googlesyndication.com/bg/Ydwwnsiz0RrvfpNl89rQqoBRiFg6eVxNIdbgsmjvwYM.js line 1 > eval line 2485 > eval line 1 > eval line 1 > eval, line 1: WEBGL_debug_renderer_info is deprecated in Firefox and will be removed. Please use RENDERER.
1636707283889	Marionette	WARN	Ignoring event 'pageshow' because document has an invalid readyState of 'uninitialized'.
JavaScript error: https://fw.adsafeprotected.com/rjss/bgd/818367/56996138/xbbe/creative/adj?p=APEucNVA8ZZin6WZUetHF9fl9SiegYNIJ4cR1HseCg1IVnIoDQ2YQDA&d=CnkAoCZ_4EBdYozXmbL7HIzM1x_wP5Wj2DH2lOVjL8xu1yIpyMDtu2OZiIvJDQ_IyeQ5OuQ4iVe0_CIA0AtS6bfY8ZCXfBWdbnx3tBQ6x36KS2-mLOXTZ9fg1IwP3ySknAXOiSvxVPLge0-2YKerbg9bzHwEBQQ0RyKQEvkPAKAmf-D0mu2oL18GTG8U8-Py9N51W5oDACGjrPiV-CAzL6-UOgpYNVtXeS7TZRMVQTye70isFD4i2iRMVj3zbecwndzlSD8oaD9f8TpYITm_BpE1F3fErplHCWTzJG0Z4WPX8DZWpF7lSwETNJ_JZOgcsQx5646_psaU9PPiFkMuEw7l8OVDzcjAqj0hb0YytfDL-uKFQnVnsbODi_CbDyQCo7JSGlvc8Cb4X9ROjWYZyieE0Dlt9F6JfxT2yHlUK07COVqxSUs46krVQmTUVLiDP_2lqWVIt592SgCJaXjvwXqnBKINj0pdT6h8OYh5ak4gQtNhyNTo05VCq8UwNKPvXJX74DmDf4BCeUVH22uWICVjOUx3HMHyTv4oy1KCOTHS6Ewf8HXgFnwlgTVfrHz7H-Eah-rVbYisjjEJW9HFdZjSox0UYA_4jDEHGAu7PWS51HNMsNNNqVpThR4Ymsbcm1EAyr4UlschWaTSHMHdR4TTS5UqKzX9qfJnSt5dd4CRzxN59qAMxwDYxQiGOOKlqzZ-rl5qXKbz6o_6LKL-GacpfHfhMMjI_45LoO0gCON610j00bYvbpRJNFIAn6IVyV4cx0eSGusEHpHumXddVJR66VnfVQ9wtQQFnX5lH-j3f3Xtpc4BrbK2sVe7sUxnfFXewmQXOFTLg0OwIh8sePPJXvRsu--NTQW1mv6hGnTP3Qaw7mBzQBX7-GQkyW2k2Gx4LAME-vU3aO0N2zwVD_C2NbbvPBk5vPAuRBr6qO-he58zcFV6DpXbUcIhCzyh2bRd-26rcHF7Oj6QuK92R31EuGovlNzgt8anKUQe_4z5cJtvrDCUz5eMwueUl86-3pmqF9TqxC35OOEFuyQkMwlWeTHxnY13nIfXVhZ9Z0NwDfvJ9Bx2V1ulnj7M4PXcgeoa1uhpFs8e9KqwNxkwv5o6Enl40BPHYa41i7MYSlrWzn_ZqE_HgPou05ueo645vR_VC290k4rOb1cyAvBvlha4Xh9dh81y6q1UqtdpRzVKpqQMfhWxN4szrboaq-noa_1YrySq45SORlLlApl6-7gDTnEX6lqiI-k4EOzNdNuaxGNZmP1ezaRMRhE66TGMbBNosTwZeUyRWVnqwdLelaRyQg86K8EqdR9rNIv7dj-W5fSk6d4s_bV2amip_qwyyzFHpvkkCkZubbRpKG9svQXaDGRNusxMEGLiVy39FNWDgFFWpbTAZ1vpq-cGYDt6Uq3PeNpXB4Uss5pUgaIQcGxRdyoH0k-pHNUDt9KM8VH2mjgdrL27sACqnbYexTpjcXvU0y_9Tnj41jLDz1xagydhOddz_bxXoah7x693u1TGDEpbgQeJbYbmKVE3C_WppUwX2g6yV0JzTz2xWbVk1Uon60dkd52Lc9V7kLAwNSfNGMUfC1lH8epWjY1GIZ65-jZLgyN_cAF2sHNe1jys_R_d_XSFPVlF0ySPSyolFr7AYl0EQSanoOGB9IvcNbTz7xtM-wWocbZaRXHvCVBKXv475zb6XJW-QYyRD2RrFKv12XyV_wYdJyduX57lXhZQ7l-bueiCVIafKo3DPpS4RRq5jE5Tt6xjZIIntP5bHTD5F2Zs9I10gf8wE_nF6Kt2evuaeinJN6v0jxy6l7ZI_kleF4MGeXrm_7hNV2-QaZZQf92BibRWH6ecSvxLDXxncS5r8q3KJozDcSLGlo4fK9yzfZEv5qnKEiCZjhOPDx__Sh5kPm-AHJBwF9sJq2jJAKZZtD_plISkFZsBnHLHTJzL-pvsmXCyQ3iYXXHZp8HwZq985gjz6bxNe2LxZITjOyN4hfWI02GkivE-Brg7KAkaB4CcsN7BETAUKsDYCu3olmHDBSEFQa95pFbKJkTdC7K-8ynlgnOxbkwJEjdW_ZSZa2rJfKpxxUs6jKgtY4fo3-hv3AAs98Vyu60Z7Q0iPj3_fssP-T6dQS4sEYMDhD5VkTod_2V42Z4lh9DBFh3o_cJ9QipsEAvILLGqhPf_zhtMWe--QO16RF37gqbpXstIG6_kDS-yUR63IONxB3i7AyVWGdHFheqdUufaIZK5rdsHK9GTd2OZAn699i1ObnmgH7tDOvmm8gZJeo6optwRREXNJAIsBz99Kiyx54cK9woHl3_els963WjGR76mM-Kr1iTYxVCD-sWd7Wqz7FGXhj72YeDH81p_Bi3IF1zQr6yDLDWU7XgTxZT3lW7J5uRMmUX4NTKVUmZItdbPR7gH7Qqx_A8P3HLYi9rVOvcte7aH5mTLK6NVMqkrfuoC03bkWxOSxbSlrh-49kw67ZorFEtDsLvCzwLTe8h0EvJC-ecuLQjMSnNifPRetS3KeyahIRdBCaeoEoMVnBCz1-xn5fjuVNMuKxf50B1jXRqIFGghX6Xybm2vxWI8Xx0N8lkHMtkD_C6HTgN_Y1SuC8aQxUycmW5R02r80zTf989Z4QNJej6bE8cMPzEGO5zubF_7gj7BJb9DpzmxeMvPS_CeBfazzHa75-ISG7eV1QYnAh_l17qU-d3GgCbY3fsYmNqlr4REjnlXa5YO1aFYggRmr-ngofFzZfI5zXv1KELR24VGHmbmPufq6hxm8KB3UBXlCnxo169xq0a_4Xo-g1awS5lJ-nMs1IW2mCjOfBcnY0T5ZnzJgp1gHOw4QlcjfncSBM5GzEvYXvuZoEYJ8Yvf87xcGAcSDxAKhdd4IxsoCq9KaI_4qBoWCAASEuRoFwL4Xwen1DPAjfjM9AYKB2AB, line 1070: NS_ERROR_NOT_INITIALIZED: 
JavaScript error: https://fw.adsafeprotected.com/rjss/bgd/818367/56996138/xbbe/creative/adj?p=APEucNVA8ZZin6WZUetHF9fl9SiegYNIJ4cR1HseCg1IVnIoDQ2YQDA&d=CnkAoCZ_4Fc2iiSRfXZjdjTMYsIqPh41SCH6mEboWoxoAa4noMoasmNuDg4coqWaRc6JAuumm8V7aapaqAgStl_vZV9oqD2T41SK6ZGMGeFCBrIc835H5GTYzkXWsjaXx2fB7NHxpAIH-gpln5qfAi_DyhCEn3bWniFPEvkPAKAmf-BYKlqob2mU4qhcpVaPfEf5t9JIzZ0EGRqbOv2KsJTF_YlilT7Jtj0OZABbSbhTFblJQ2z8BOLZwTuHB7XHUJTj3a3rHbCXNKcaSK9-eHDSCXoc8PWUfWYlxV1boiI8r6kjuCGe0EaJqwsHgXp5NTPqO6_F2qLyTVrtQmfh_8yr1DcPVcSob1myEt_3k7GLAw1W7iIp9I8DnMVzn_7-6etgVg0r3uAN64gzyq54NuySdFYMoV5VnCo3CMCTmmoI3IrJX2sBURIGAFfJDEAyGX_MJRNbU8MUYba0GMwsnXhmWPt9gduC37K_xs174YNaI7c6UA3Bgm6d6SyJnkF-oT5iz_hh6ymOoUHNm-eU_uo295Q25hAGHWPHkj3R_CE3Vrqw93T8b5447n2jn_rYwbVIL4swwpPOUCoJUqJt5Sy-Xwxsnu-yU7-7DW2KU1Vf9JFpQhPUmxL4fEa6R58w8b1r7D4HE5dcTA4qGs7pe5dpiEMDdBd9dCX_oWMuG7FK6j-2M_KSxAAz5f3R-24eL9UNr5rrrZlg0uncRO02Y8D0RkoEhLxXjunXvp7TpwgQJCDISMwxe6sDM-g2uS6gu6ApkIPnzpRQL2nYueEvly_5AkyN875SehJ9Q8I23V6dsC9jA2haa7hPOsMlt83ZfwhmpGCX-giaqlkKOKqJC5zx6yL-_qrLab2wyh2ogetHcaUSaIOrbWViYE2AmyqFUA7B_ccYFZk1UKQJ4cZpYrs2o06xnOa3c4hf5Ex5CIZlwO1Yu8WDh1FCsJew07ikcQGXZAArPjMeGMPSMqpJXRF0HQ8Mt9jjqHVeFX0x6zmnU979T1auWoE32YwOS9aWIwzd8NUM-dRGLIkK20OCGbyWpZB7fb_QIcM9N5NGIlP8mOEsXhb8_hivE9D0bf_7envpRNPvayKKZc7BX6-uKAcyCb4cnEJuG1KHoszfMvvBxiGZBq3ZyqIHy1RGh3MYC77bO09DglZST7jKi_n51IawfaRczVIW0hYTMMVTQ8cpY_iWK5aoS-RfHnKmB0x-RzuzE8yO2RG_ZYW6eHKMnjuRguwMqeZSdkq5CATW3SIUUZBruXKjZZj2wxdfogwC55xLWfDC2NJ7XgNoD4RCeSbVrOdq3MnTGJV2MNjSjQH7ud0y1ldWGJxCbXIsi9YBOE4pt-m2rbG8rJwgTC-gLzJHbmoItYHerc-IjueNuQPuvwsxcXc7TyI-z8SAKdq-bstuzGvrF_IMG3Vv0NalMqB0swJvuIFo-DtHUwkpybFGOJ9E6SIecaFy_eQMIgr-ftDR83PavLLJiljq_wS-WPGfNjJgHFWdbVfGZmxw2KOBHRJ8UIIrbwmbQy4NilvcTWXBdAUZZCRNWDzqUFkPFHtKxnD44wzx1CJG9bBg_3_HAKsnKKvlKZ0uM974Q5oPX9YTbG8LvbSiBSAOqyo2dYOVGAl_pyhHx3rUsal5Ma2ZNnFalU2ca6xrTimwqKyjjcc1ysvWMUS50JS-byqp7jehBaolk0AlKFrBtWoHVpZaghowU8NNhlCbbqTvxsyFaoQbV33UEc72r7u7v-sjOlDGa0slVe0eivoFBzeJ5y9us18C5SrGi4U87d3ddTPE_msNmq69slWv3lOeBtizWzEdWDl1iQoOIILpcUztJ_Fr7dkAxmoPQV5dgCy6d4Dn8afPzsZiU7Ww9Gow0WRZcUh-jq8787vqrQTSvZcLAN8LUPnQPyUWY3XcAUrLzUYsLQhKMxvW0jj7A-OEgdi5HaQLlUjPatygHrFRsOe4mayYan6HWppm_jFNN80r1VlTyGZPYFrNvi93gaoL9pfa-1UQBqBfZ-QSAyIaC9ofKwdJnIyqWlxn1l5GCz6EDrj6WXayacRVfvFeaSOfjeOo6nAirqS4XclZN3aU-mHy0kfBcZOL3kUc1gL1jyIqDj6ytb3GzNmTgVLLja2TIQ6HZJszEh14jrFbtCr9Ll0UclF3LxUGqH-BBIgO7U5bJVhg9GV9_3pYlGcG9Aq74UavfwdgIXrmTqkHooYtIxWebF_54G2Fo91JaC2j-_DklDUspAcjNjV8o_26X16lUYsfEuam7CA5quhDohqVyrv728ORl7GoiBPkxoVS5Mgz1Ey_mHgGN5UtEgBfezk15omEtLwP2f9AElMPLcIzGsBA6YEfSoZX3rYp7kU6UIs-mN-45TrmEX71toknnI4bJr7b8LkZikDhjpxN613hWQG1y5VDNWPTueIkPHcnXwVchIGGxW94GW8jsR-NaR1kpkWKVqum-0-DZDiEUMabiA2ufhJMSv8DkptTj3ccZ11_ZhDogFWb8BkWk2zydZ1kb3Z1uF1pMR3PMBzjBTO1CSzEVqYz5lpDdE6aJTTF2h_zvgTEH3QKkjRIy95JL7QZHz00RGHtZEAcSErpy48yakphR-nA6wMc1QUgVKFduRglIh00TxpAyyL7B6Aw_J3ETKN-0Ijjf1_UHv5sROrLGwexNRKtZNc16WUD5iB5WgL2NsxZO2dr6_I1HoK2caQAw9JAVC879TMQ_dANDmATrLfqppUpz8oD84EcCrlq9Smg_sS5DeXmOc54eAqXhECL2TZVwu-B2bYNetTr-K9PjoCxg4YjdOptjmQCA-CbazQhvqat4SOAXzkSGeuUgbCiqowW9mp-arBk30O-L6qAuChML2WYKqH7r2wffGlnPf5vZCOXCr1LwUdHdRoWCAASEuRo31UbU_UhXRBh3GAwIa-zD2AB, line 1070: NS_ERROR_NOT_INITIALIZED: 
JavaScript error: https://fw.adsafeprotected.com/rjss/bgd/818367/56996158/xbbe/creative/adj?p=APEucNXECdrM5e8_lJIePzawZ8BQiN2xWFNUdr6_b92H1Rlaq5dD5pg&d=CnkAoCZ_4BPz89XiwilziE3BqR-uarY1bm-1G7O1qZRgpzZy3HOFVO20cA2oRMox9vJZye8rEUjypRui38-SfJbjZ5Bi9-fEG8qW5icmQJB4ilqKltYpVBuE746JuLMXcZZgLccjZOHBt09AYhbKjuZ2iAWCfZUq_4BWEvkPAKAmf-D7G8EJ2hr5LGZAldZpGSzAGTy-lQk7ONxsWaewf39ls6NV69NNbjGH_TAgWm7QTmSPb9rIDgzkd7VqFrdbX3RSFcR3YT8k7kaW4ziIUem4_xCCQQxwbrwOiH4FGK5OnfAYNVkdlTrBa2IcMMK87FJNjj1izhzhUT7un0o-xuIP16hyxg_GzvEVCRMB-EbqkYGl2Z_Z7gKULghdxkdQTeDDHgmCaw8_mbbZMDJxSk5m37GEzV1UjrHu9tuebWEshbOpul2SPRSyKTicd037CNv1dz0fidUwNN0vwsziidgR_1-fA7Buf38F--bWMgVy1DU7tvjDCKeoasaQcINMIDAuIaZsSZNyEAWTfdVX0vpnoO2kt47oXp_dnhOqTXin7HCQWfeqkKHvQ5Kx2M3cloNfeDXQtKSPrxqH_KPGRHWm2HgvomcV-HagRHiDJbNh2CCCNQZbT0-JbatrzHV-50S-r6sOaCWwRdN0BdJlBehWWQJrcbbkrJBZaQ2cosYB3C8ZgzRKLfL6ah4XLbEATX6uyglf91oLL1lATKMp5o7KDzd8kQuCdbU_OT2rtGmPi6fdb9m3reEDSqNU17KQm10I-Ix3UF33dEAYpC-7GKlyDGIa1y77PRHb4XDf5QUkXBHSeekIUNd51LZ9iHjX4bc62ayYuZswTLUBrLrVO_DkShdtmsj44HN-12TlUdAYUooscX9Jwwjp5P0xBVlQ4Ix74i_tb-tKKTt4zF0v51uJ3Am9QZH4-PQt2tnRAyIOqQ6shNa7De2Vl5azlCHBk1IQSo4qHARPZKPVnEBlDH7edGbpebd4bCss2m7z4OFtDbHFiOxxYdEPYmV-M-No1P0lJA7MQIAc3v1JpxVVp9yO_6TDmDP2d4oolKHiuC_5h8ELazwaBLph0_AA4r2rri9yhZN1j8tt8Wh41O1uy9SpIG-FjyQgfUJz9JHMq_JiLGGx6u_Xxf7PKelQ8-hKhjTQPHse3NI7aYFvay6_JNAL1wqY283LqfA_C7XayYMdhIp5FXK5UlT-WcQU4EIcAibTdEwYySsfyrTaLiO-Sdo6sUTFEjwKpnmabkyHhoyx2pypC7pW72K8dtoUW7nMvTJoX-OpbCcssX0jVl02Qzf2krASZvrxemXvUn-5yoZC_0r6EBlkpTpnr6UBmNe53aSYVs-aMe5bvv2Tpk-I87G6swEaHWeXjocpjDGrbwLEo7_DsKWxlQIuiAHsaFhVepzih1jIVkYVxoD7dFMinaN5SoHj-dPOGtj0TUBLvu3P6vmxub8UvQhvabfsIkzSKrZz3RNVCW6i72Saa5Ni8pA3B489WLSif36KSxrYeZm4LszxovKho8c5q6kP04CMAzu2tUaEhnZOGKVBLAjWPErQIA6ovKeA6WqrtzP-fgbnxseTRNn4FvMSDDAcDNaPZiyJEFX5YD9o8w3h-eORYKHthc6Ybwz8CzLAc7ufmn8ooVI8ilFSSI8L-WMXkcb6-S5MmDsDEq-SPNtB_5Ij2Osmc0DyJPC8vYmL1uLtJkDJt_ltPv7iRuBLv35u74YAkuygxd4q8OVKEDd02w-3v9SmBEIKTQp9eHTuqF5_M8QqUMt0YxRlk5eKvwXn5wgBkOIXlq1QeCByW5GMh0xsUgZkwRIHg24FkPZNfcK2NH27psP2uiwGoxkR006xGl8Pyjm7LxQJZDqM5L1l2VyjSQzjwzsi3fxPgHlz1z8ADPkSCAoVncjWv__dm1fOHW34xAPlai2OngG_vXaJhORZgU4KMtSiVEywFxZcFGXQtPchd0Y_E6I_U-cYk0T5aQzg9Cbd1pl8ofHHGHRZdQaBUN2VaRF3M2bbb0tSQNu_sYDYTW00Hs7Z0KZLChcjhj3vFwqaDjgAXmT3BEXXYOu-0PD0mxQXKRxyegMsatGXX9MuCl9yZv1SqNqizquP0s3to2Q9R8-4K9x5NlM_uoOZQqVeXaZ_gOsv-wOF_HarFMRJPc1a8cTCwd4qLbVasylI2jOMcPyz8O1YrUlkbalIuqao6J_jVe2jWV4AZ4BKupPqzTCfZKs9ECZDoRs1VKbw3ZF-OgHEY3cJWfh3_bWUnCHq9aNm4U_S_ggHBzJG9FOoyYrepHwDWTe1vYhMkL3lUwAo7g3K22PQGKVFXzy_F0Ud48yPQ6n12bwmwNXaXGMKlbURc7BSVkNCZxj8ofHKIY8RyNYaxwAxiWoQ5ucTDBjJo6Y2C_YI_3WRmYKU5_dqCa5NYGi7VVYTOQ2GBguRvRfTKAVfu6x6ytNZdo6JiS9Qzi5oMYAYig_CkfN2PpfSwuuDV2_4H0oGKlxG1Te6jWcjIIuN1osLOPCsAP7-MkMOpusatVIWyRrQ_nrslr_ndCJ8HyaODsaj-FUxGwWme44iv4DvSZr8829KxGUmfpVY3iWL6Q-9UJwkVDk4TePDPY4LelpKY63B19uKU5kfHSJZLhghB0bF0IqrlEb97bjDaAfYd_AlTY2eftqBfDU7jgUButKYWo_b3LtoKZ_QnyQznHTdm7Fsj_K8VUOtLN6cl4BoKhmWGfm_mrJSfZ-uZ53H4ngjyk1Yguy2ts5nc0QImG3-V8wBOnUo8v3Xi8Jf34axffEfVqAUsX9PhcoG0rt3pyZYHmI0anwzknwU5nDCAPdc4QtAVRcM_PO3lgvqrPIOt48t3kZpCfmkw4GY30HYue6Mrb8_UAyv11Fty45aopb8sRoWCAASEuRozznGDuhlI2FfIGbhHewyvWAB, line 1070: NS_ERROR_NOT_INITIALIZED: 
JavaScript error: , line 0: TypeError: NetworkError when attempting to fetch resource.
JavaScript error: https://c1.imgiz.com/player_others/html5/DisplayVast2.js?v=4, line 1478: TypeError: _vpaidContainer.contentWindow is null
JavaScript error: https://c1.imgiz.com/player_others/html5/DisplayVast2.js?v=4, line 1478: TypeError: _vpaidContainer.contentWindow is null
JavaScript error: https://c1.imgiz.com/player_others/html5/DisplayVast2.js?v=4, line 1478: TypeError: _vpaidContainer.contentWindow is null
JavaScript warning: https://pagead2.googlesyndication.com/bg/Ydwwnsiz0RrvfpNl89rQqoBRiFg6eVxNIdbgsmjvwYM.js line 1 > eval line 1554 > eval line 1 > eval line 1 > eval, line 1: WEBGL_debug_renderer_info is deprecated in Firefox and will be removed. Please use RENDERER.
JavaScript error: https://c1.imgiz.com/player_others/html5/DisplayVast2.js?v=4, line 1478: TypeError: _vpaidContainer.contentWindow is null
JavaScript warning: https://pagead2.googlesyndication.com/bg/Ydwwnsiz0RrvfpNl89rQqoBRiFg6eVxNIdbgsmjvwYM.js line 1 > eval line 135 > eval line 1 > eval line 1 > eval, line 1: WEBGL_debug_renderer_info is deprecated in Firefox and will be removed. Please use RENDERER.
JavaScript warning: https://pagead2.googlesyndication.com/bg/Ydwwnsiz0RrvfpNl89rQqoBRiFg6eVxNIdbgsmjvwYM.js line 1 > eval line 6780 > eval line 1 > eval line 1 > eval, line 1: WEBGL_debug_renderer_info is deprecated in Firefox and will be removed. Please use RENDERER.
JavaScript warning: https://pagead2.googlesyndication.com/bg/Ydwwnsiz0RrvfpNl89rQqoBRiFg6eVxNIdbgsmjvwYM.js line 1 > eval line 7626 > eval line 1 > eval line 1 > eval, line 1: WEBGL_debug_renderer_info is deprecated in Firefox and will be removed. Please use RENDERER.
JavaScript error: https://static.doviz.com/js/common.1634893615.js, line 157: TypeError: ws is null
JavaScript warning: https://pagead2.googlesyndication.com/bg/Ydwwnsiz0RrvfpNl89rQqoBRiFg6eVxNIdbgsmjvwYM.js line 1 > eval line 7169 > eval line 1 > eval line 1 > eval, line 1: WEBGL_debug_renderer_info is deprecated in Firefox and will be removed. Please use RENDERER.
JavaScript warning: https://pagead2.googlesyndication.com/bg/Ydwwnsiz0RrvfpNl89rQqoBRiFg6eVxNIdbgsmjvwYM.js line 1 > eval line 132 > eval line 1 > eval line 1 > eval, line 1: WEBGL_debug_renderer_info is deprecated in Firefox and will be removed. Please use RENDERER.
JavaScript warning: https://pagead2.googlesyndication.com/bg/Ydwwnsiz0RrvfpNl89rQqoBRiFg6eVxNIdbgsmjvwYM.js line 1 > eval line 2329 > eval line 1 > eval line 1 > eval, line 1: WEBGL_debug_renderer_info is deprecated in Firefox and will be removed. Please use RENDERER.
JavaScript warning: https://pagead2.googlesyndication.com/bg/Ydwwnsiz0RrvfpNl89rQqoBRiFg6eVxNIdbgsmjvwYM.js line 1 > eval line 1581 > eval line 1 > eval line 1 > eval, line 1: WEBGL_debug_renderer_info is deprecated in Firefox and will be removed. Please use RENDERER.
JavaScript warning: https://pagead2.googlesyndication.com/bg/Ydwwnsiz0RrvfpNl89rQqoBRiFg6eVxNIdbgsmjvwYM.js line 1 > eval line 5621 > eval line 1 > eval line 1 > eval, line 1: WEBGL_debug_renderer_info is deprecated in Firefox and will be removed. Please use RENDERER.
JavaScript warning: https://pagead2.googlesyndication.com/bg/Ydwwnsiz0RrvfpNl89rQqoBRiFg6eVxNIdbgsmjvwYM.js line 1 > eval line 5469 > eval line 1 > eval line 1 > eval, line 1: WEBGL_debug_renderer_info is deprecated in Firefox and will be removed. Please use RENDERER.
JavaScript error: , line 0: TypeError: NetworkError when attempting to fetch resource.
JavaScript error: , line 0: TypeError: NetworkError when attempting to fetch resource.
JavaScript error: , line 0: TypeError: NetworkError when attempting to fetch resource.
JavaScript error: , line 0: TypeError: NetworkError when attempting to fetch resource.
JavaScript warning: https://pagead2.googlesyndication.com/bg/Ydwwnsiz0RrvfpNl89rQqoBRiFg6eVxNIdbgsmjvwYM.js line 1 > eval line 4639 > eval line 1 > eval line 1 > eval, line 1: WEBGL_debug_renderer_info is deprecated in Firefox and will be removed. Please use RENDERER.
JavaScript warning: https://pagead2.googlesyndication.com/bg/Ydwwnsiz0RrvfpNl89rQqoBRiFg6eVxNIdbgsmjvwYM.js line 1 > eval line 7076 > eval line 1 > eval line 1 > eval, line 1: WEBGL_debug_renderer_info is deprecated in Firefox and will be removed. Please use RENDERER.
JavaScript warning: https://pagead2.googlesyndication.com/bg/Ydwwnsiz0RrvfpNl89rQqoBRiFg6eVxNIdbgsmjvwYM.js line 1 > eval line 2361 > eval line 1 > eval line 1 > eval, line 1: WEBGL_debug_renderer_info is deprecated in Firefox and will be removed. Please use RENDERER.
JavaScript warning: https://pagead2.googlesyndication.com/bg/Ydwwnsiz0RrvfpNl89rQqoBRiFg6eVxNIdbgsmjvwYM.js line 1 > eval line 116 > eval line 1 > eval line 1 > eval, line 1: WEBGL_debug_renderer_info is deprecated in Firefox and will be removed. Please use RENDERER.
JavaScript warning: https://pagead2.googlesyndication.com/bg/Ydwwnsiz0RrvfpNl89rQqoBRiFg6eVxNIdbgsmjvwYM.js line 1 > eval line 3526 > eval line 1 > eval line 1 > eval, line 1: WEBGL_debug_renderer_info is deprecated in Firefox and will be removed. Please use RENDERER.
JavaScript error: , line 0: TypeError: NetworkError when attempting to fetch resource.
JavaScript error: , line 0: TypeError: NetworkError when attempting to fetch resource.
JavaScript error: , line 0: TypeError: NetworkError when attempting to fetch resource.
JavaScript error: , line 0: TypeError: NetworkError when attempting to fetch resource.
JavaScript warning: https://pagead2.googlesyndication.com/bg/Ydwwnsiz0RrvfpNl89rQqoBRiFg6eVxNIdbgsmjvwYM.js line 1 > eval line 3408 > eval line 1 > eval line 1 > eval, line 1: WEBGL_debug_renderer_info is deprecated in Firefox and will be removed. Please use RENDERER.
JavaScript warning: https://pagead2.googlesyndication.com/bg/Ydwwnsiz0RrvfpNl89rQqoBRiFg6eVxNIdbgsmjvwYM.js line 1 > eval line 3974 > eval line 1 > eval line 1 > eval, line 1: WEBGL_debug_renderer_info is deprecated in Firefox and will be removed. Please use RENDERER.
JavaScript warning: https://pagead2.googlesyndication.com/bg/Ydwwnsiz0RrvfpNl89rQqoBRiFg6eVxNIdbgsmjvwYM.js line 1 > eval line 4184 > eval line 1 > eval line 1 > eval, line 1: WEBGL_debug_renderer_info is deprecated in Firefox and will be removed. Please use RENDERER.
JavaScript warning: https://pagead2.googlesyndication.com/bg/Ydwwnsiz0RrvfpNl89rQqoBRiFg6eVxNIdbgsmjvwYM.js line 1 > eval line 7159 > eval line 1 > eval line 1 > eval, line 1: WEBGL_debug_renderer_info is deprecated in Firefox and will be removed. Please use RENDERER.
JavaScript warning: https://pagead2.googlesyndication.com/bg/Ydwwnsiz0RrvfpNl89rQqoBRiFg6eVxNIdbgsmjvwYM.js line 1 > eval line 5333 > eval line 1 > eval line 1 > eval, line 1: WEBGL_debug_renderer_info is deprecated in Firefox and will be removed. Please use RENDERER.
JavaScript error: , line 0: TypeError: NetworkError when attempting to fetch resource.
JavaScript error: , line 0: TypeError: NetworkError when attempting to fetch resource.
JavaScript error: , line 0: TypeError: NetworkError when attempting to fetch resource.
JavaScript error: , line 0: TypeError: NetworkError when attempting to fetch resource.
JavaScript warning: https://pagead2.googlesyndication.com/bg/Ydwwnsiz0RrvfpNl89rQqoBRiFg6eVxNIdbgsmjvwYM.js line 1 > eval line 324 > eval line 1 > eval line 1 > eval, line 1: WEBGL_debug_renderer_info is deprecated in Firefox and will be removed. Please use RENDERER.
JavaScript warning: https://pagead2.googlesyndication.com/bg/Ydwwnsiz0RrvfpNl89rQqoBRiFg6eVxNIdbgsmjvwYM.js line 1 > eval line 7444 > eval line 1 > eval line 1 > eval, line 1: WEBGL_debug_renderer_info is deprecated in Firefox and will be removed. Please use RENDERER.
JavaScript warning: https://pagead2.googlesyndication.com/bg/Ydwwnsiz0RrvfpNl89rQqoBRiFg6eVxNIdbgsmjvwYM.js line 1 > eval line 7695 > eval line 1 > eval line 1 > eval, line 1: WEBGL_debug_renderer_info is deprecated in Firefox and will be removed. Please use RENDERER.
JavaScript warning: https://pagead2.googlesyndication.com/bg/Ydwwnsiz0RrvfpNl89rQqoBRiFg6eVxNIdbgsmjvwYM.js line 1 > eval line 5455 > eval line 1 > eval line 1 > eval, line 1: WEBGL_debug_renderer_info is deprecated in Firefox and will be removed. Please use RENDERER.
JavaScript warning: https://pagead2.googlesyndication.com/bg/Ydwwnsiz0RrvfpNl89rQqoBRiFg6eVxNIdbgsmjvwYM.js line 1 > eval line 6546 > eval line 1 > eval line 1 > eval, line 1: WEBGL_debug_renderer_info is deprecated in Firefox and will be removed. Please use RENDERER.
JavaScript error: , line 0: TypeError: NetworkError when attempting to fetch resource.
JavaScript error: , line 0: TypeError: NetworkError when attempting to fetch resource.
JavaScript error: , line 0: TypeError: NetworkError when attempting to fetch resource.
JavaScript error: , line 0: TypeError: NetworkError when attempting to fetch resource.
JavaScript warning: https://pagead2.googlesyndication.com/bg/Ydwwnsiz0RrvfpNl89rQqoBRiFg6eVxNIdbgsmjvwYM.js line 1 > eval line 6784 > eval line 1 > eval line 1 > eval, line 1: WEBGL_debug_renderer_info is deprecated in Firefox and will be removed. Please use RENDERER.
JavaScript warning: https://pagead2.googlesyndication.com/bg/Ydwwnsiz0RrvfpNl89rQqoBRiFg6eVxNIdbgsmjvwYM.js line 1 > eval line 2257 > eval line 1 > eval line 1 > eval, line 1: WEBGL_debug_renderer_info is deprecated in Firefox and will be removed. Please use RENDERER.
JavaScript warning: https://pagead2.googlesyndication.com/bg/Ydwwnsiz0RrvfpNl89rQqoBRiFg6eVxNIdbgsmjvwYM.js line 1 > eval line 3608 > eval line 1 > eval line 1 > eval, line 1: WEBGL_debug_renderer_info is deprecated in Firefox and will be removed. Please use RENDERER.
JavaScript warning: https://pagead2.googlesyndication.com/bg/Ydwwnsiz0RrvfpNl89rQqoBRiFg6eVxNIdbgsmjvwYM.js line 1 > eval line 4015 > eval line 1 > eval line 1 > eval, line 1: WEBGL_debug_renderer_info is deprecated in Firefox and will be removed. Please use RENDERER.
JavaScript warning: https://pagead2.googlesyndication.com/bg/Ydwwnsiz0RrvfpNl89rQqoBRiFg6eVxNIdbgsmjvwYM.js line 1 > eval line 5013 > eval line 1 > eval line 1 > eval, line 1: WEBGL_debug_renderer_info is deprecated in Firefox and will be removed. Please use RENDERER.
JavaScript error: , line 0: TypeError: NetworkError when attempting to fetch resource.
JavaScript error: , line 0: TypeError: NetworkError when attempting to fetch resource.
JavaScript error: , line 0: TypeError: NetworkError when attempting to fetch resource.
JavaScript error: , line 0: TypeError: NetworkError when attempting to fetch resource.
JavaScript warning: https://pagead2.googlesyndication.com/bg/Ydwwnsiz0RrvfpNl89rQqoBRiFg6eVxNIdbgsmjvwYM.js line 1 > eval line 295 > eval line 1 > eval line 1 > eval, line 1: WEBGL_debug_renderer_info is deprecated in Firefox and will be removed. Please use RENDERER.
JavaScript warning: https://pagead2.googlesyndication.com/bg/Ydwwnsiz0RrvfpNl89rQqoBRiFg6eVxNIdbgsmjvwYM.js line 1 > eval line 837 > eval line 1 > eval line 1 > eval, line 1: WEBGL_debug_renderer_info is deprecated in Firefox and will be removed. Please use RENDERER.
JavaScript warning: https://pagead2.googlesyndication.com/bg/Ydwwnsiz0RrvfpNl89rQqoBRiFg6eVxNIdbgsmjvwYM.js line 1 > eval line 123 > eval line 1 > eval line 1 > eval, line 1: WEBGL_debug_renderer_info is deprecated in Firefox and will be removed. Please use RENDERER.
JavaScript warning: https://pagead2.googlesyndication.com/bg/Ydwwnsiz0RrvfpNl89rQqoBRiFg6eVxNIdbgsmjvwYM.js line 1 > eval line 4138 > eval line 1 > eval line 1 > eval, line 1: WEBGL_debug_renderer_info is deprecated in Firefox and will be removed. Please use RENDERER.
JavaScript warning: https://pagead2.googlesyndication.com/bg/Ydwwnsiz0RrvfpNl89rQqoBRiFg6eVxNIdbgsmjvwYM.js line 1 > eval line 7564 > eval line 1 > eval line 1 > eval, line 1: WEBGL_debug_renderer_info is deprecated in Firefox and will be removed. Please use RENDERER.
JavaScript error: , line 0: TypeError: NetworkError when attempting to fetch resource.
JavaScript error: , line 0: TypeError: NetworkError when attempting to fetch resource.
JavaScript error: , line 0: TypeError: NetworkError when attempting to fetch resource.
JavaScript error: , line 0: TypeError: NetworkError when attempting to fetch resource.
JavaScript warning: https://pagead2.googlesyndication.com/bg/Ydwwnsiz0RrvfpNl89rQqoBRiFg6eVxNIdbgsmjvwYM.js line 1 > eval line 5956 > eval line 1 > eval line 1 > eval, line 1: WEBGL_debug_renderer_info is deprecated in Firefox and will be removed. Please use RENDERER.
JavaScript warning: https://pagead2.googlesyndication.com/bg/Ydwwnsiz0RrvfpNl89rQqoBRiFg6eVxNIdbgsmjvwYM.js line 1 > eval line 1990 > eval line 1 > eval line 1 > eval, line 1: WEBGL_debug_renderer_info is deprecated in Firefox and will be removed. Please use RENDERER.
JavaScript warning: https://pagead2.googlesyndication.com/bg/Ydwwnsiz0RrvfpNl89rQqoBRiFg6eVxNIdbgsmjvwYM.js line 1 > eval line 7656 > eval line 1 > eval line 1 > eval, line 1: WEBGL_debug_renderer_info is deprecated in Firefox and will be removed. Please use RENDERER.
JavaScript warning: https://pagead2.googlesyndication.com/bg/Ydwwnsiz0RrvfpNl89rQqoBRiFg6eVxNIdbgsmjvwYM.js line 1 > eval line 5652 > eval line 1 > eval line 1 > eval, line 1: WEBGL_debug_renderer_info is deprecated in Firefox and will be removed. Please use RENDERER.
JavaScript warning: https://pagead2.googlesyndication.com/bg/Ydwwnsiz0RrvfpNl89rQqoBRiFg6eVxNIdbgsmjvwYM.js line 1 > eval line 2453 > eval line 1 > eval line 1 > eval, line 1: WEBGL_debug_renderer_info is deprecated in Firefox and will be removed. Please use RENDERER.
JavaScript error: , line 0: TypeError: NetworkError when attempting to fetch resource.
JavaScript error: , line 0: TypeError: NetworkError when attempting to fetch resource.
JavaScript error: , line 0: TypeError: NetworkError when attempting to fetch resource.
JavaScript error: , line 0: TypeError: NetworkError when attempting to fetch resource.
JavaScript warning: https://pagead2.googlesyndication.com/bg/Ydwwnsiz0RrvfpNl89rQqoBRiFg6eVxNIdbgsmjvwYM.js line 1 > eval line 1871 > eval line 1 > eval line 1 > eval, line 1: WEBGL_debug_renderer_info is deprecated in Firefox and will be removed. Please use RENDERER.
JavaScript warning: https://pagead2.googlesyndication.com/bg/Ydwwnsiz0RrvfpNl89rQqoBRiFg6eVxNIdbgsmjvwYM.js line 1 > eval line 54 > eval line 1 > eval line 1 > eval, line 1: WEBGL_debug_renderer_info is deprecated in Firefox and will be removed. Please use RENDERER.
JavaScript warning: https://pagead2.googlesyndication.com/bg/Ydwwnsiz0RrvfpNl89rQqoBRiFg6eVxNIdbgsmjvwYM.js line 1 > eval line 5651 > eval line 1 > eval line 1 > eval, line 1: WEBGL_debug_renderer_info is deprecated in Firefox and will be removed. Please use RENDERER.
JavaScript warning: https://pagead2.googlesyndication.com/bg/Ydwwnsiz0RrvfpNl89rQqoBRiFg6eVxNIdbgsmjvwYM.js line 1 > eval line 2199 > eval line 1 > eval line 1 > eval, line 1: WEBGL_debug_renderer_info is deprecated in Firefox and will be removed. Please use RENDERER.
JavaScript warning: https://pagead2.googlesyndication.com/bg/Ydwwnsiz0RrvfpNl89rQqoBRiFg6eVxNIdbgsmjvwYM.js line 1 > eval line 2763 > eval line 1 > eval line 1 > eval, line 1: WEBGL_debug_renderer_info is deprecated in Firefox and will be removed. Please use RENDERER.
console.log: WebExtensions: reset-default-search: starting.
console.log: WebExtensions: reset-default-search: No addons in our list are installed.
JavaScript error: , line 0: TypeError: NetworkError when attempting to fetch resource.
JavaScript error: , line 0: TypeError: NetworkError when attempting to fetch resource.
JavaScript error: , line 0: TypeError: NetworkError when attempting to fetch resource.
JavaScript error: , line 0: TypeError: NetworkError when attempting to fetch resource.
JavaScript warning: https://pagead2.googlesyndication.com/bg/Ydwwnsiz0RrvfpNl89rQqoBRiFg6eVxNIdbgsmjvwYM.js line 1 > eval line 7403 > eval line 1 > eval line 1 > eval, line 1: WEBGL_debug_renderer_info is deprecated in Firefox and will be removed. Please use RENDERER.
JavaScript warning: https://pagead2.googlesyndication.com/bg/Ydwwnsiz0RrvfpNl89rQqoBRiFg6eVxNIdbgsmjvwYM.js line 1 > eval line 3291 > eval line 1 > eval line 1 > eval, line 1: WEBGL_debug_renderer_info is deprecated in Firefox and will be removed. Please use RENDERER.
JavaScript warning: https://pagead2.googlesyndication.com/bg/Ydwwnsiz0RrvfpNl89rQqoBRiFg6eVxNIdbgsmjvwYM.js line 1 > eval line 6572 > eval line 1 > eval line 1 > eval, line 1: WEBGL_debug_renderer_info is deprecated in Firefox and will be removed. Please use RENDERER.
JavaScript warning: https://pagead2.googlesyndication.com/bg/Ydwwnsiz0RrvfpNl89rQqoBRiFg6eVxNIdbgsmjvwYM.js line 1 > eval line 218 > eval line 1 > eval line 1 > eval, line 1: WEBGL_debug_renderer_info is deprecated in Firefox and will be removed. Please use RENDERER.
JavaScript warning: https://pagead2.googlesyndication.com/bg/Ydwwnsiz0RrvfpNl89rQqoBRiFg6eVxNIdbgsmjvwYM.js line 1 > eval line 256 > eval line 1 > eval line 1 > eval, line 1: WEBGL_debug_renderer_info is deprecated in Firefox and will be removed. Please use RENDERER.
JavaScript error: , line 0: TypeError: NetworkError when attempting to fetch resource.
JavaScript error: , line 0: TypeError: NetworkError when attempting to fetch resource.
JavaScript error: , line 0: TypeError: NetworkError when attempting to fetch resource.
JavaScript error: , line 0: TypeError: NetworkError when attempting to fetch resource.
JavaScript warning: https://pagead2.googlesyndication.com/bg/Ydwwnsiz0RrvfpNl89rQqoBRiFg6eVxNIdbgsmjvwYM.js line 1 > eval line 1171 > eval line 1 > eval line 1 > eval, line 1: WEBGL_debug_renderer_info is deprecated in Firefox and will be removed. Please use RENDERER.
JavaScript warning: https://pagead2.googlesyndication.com/bg/Ydwwnsiz0RrvfpNl89rQqoBRiFg6eVxNIdbgsmjvwYM.js line 1 > eval line 6464 > eval line 1 > eval line 1 > eval, line 1: WEBGL_debug_renderer_info is deprecated in Firefox and will be removed. Please use RENDERER.
JavaScript warning: https://pagead2.googlesyndication.com/bg/Ydwwnsiz0RrvfpNl89rQqoBRiFg6eVxNIdbgsmjvwYM.js line 1 > eval line 4072 > eval line 1 > eval line 1 > eval, line 1: WEBGL_debug_renderer_info is deprecated in Firefox and will be removed. Please use RENDERER.
JavaScript warning: https://pagead2.googlesyndication.com/bg/Ydwwnsiz0RrvfpNl89rQqoBRiFg6eVxNIdbgsmjvwYM.js line 1 > eval line 5986 > eval line 1 > eval line 1 > eval, line 1: WEBGL_debug_renderer_info is deprecated in Firefox and will be removed. Please use RENDERER.
JavaScript warning: https://pagead2.googlesyndication.com/bg/Ydwwnsiz0RrvfpNl89rQqoBRiFg6eVxNIdbgsmjvwYM.js line 1 > eval line 6538 > eval line 1 > eval line 1 > eval, line 1: WEBGL_debug_renderer_info is deprecated in Firefox and will be removed. Please use RENDERER.
JavaScript error: , line 0: TypeError: NetworkError when attempting to fetch resource.
JavaScript error: , line 0: TypeError: NetworkError when attempting to fetch resource.
JavaScript error: , line 0: TypeError: NetworkError when attempting to fetch resource.
JavaScript error: , line 0: TypeError: NetworkError when attempting to fetch resource.
JavaScript warning: https://pagead2.googlesyndication.com/bg/Ydwwnsiz0RrvfpNl89rQqoBRiFg6eVxNIdbgsmjvwYM.js line 1 > eval line 1813 > eval line 1 > eval line 1 > eval, line 1: WEBGL_debug_renderer_info is deprecated in Firefox and will be removed. Please use RENDERER.
JavaScript warning: https://pagead2.googlesyndication.com/bg/Ydwwnsiz0RrvfpNl89rQqoBRiFg6eVxNIdbgsmjvwYM.js line 1 > eval line 7049 > eval line 1 > eval line 1 > eval, line 1: WEBGL_debug_renderer_info is deprecated in Firefox and will be removed. Please use RENDERER.
JavaScript error: , line 0: TypeError: NetworkError when attempting to fetch resource.
JavaScript warning: https://pagead2.googlesyndication.com/bg/Ydwwnsiz0RrvfpNl89rQqoBRiFg6eVxNIdbgsmjvwYM.js line 1 > eval line 3123 > eval line 1 > eval line 1 > eval, line 1: WEBGL_debug_renderer_info is deprecated in Firefox and will be removed. Please use RENDERER.
JavaScript warning: https://pagead2.googlesyndication.com/bg/Ydwwnsiz0RrvfpNl89rQqoBRiFg6eVxNIdbgsmjvwYM.js line 1 > eval line 590 > eval line 1 > eval line 1 > eval, line 1: WEBGL_debug_renderer_info is deprecated in Firefox and will be removed. Please use RENDERER.
JavaScript warning: https://pagead2.googlesyndication.com/bg/Ydwwnsiz0RrvfpNl89rQqoBRiFg6eVxNIdbgsmjvwYM.js line 1 > eval line 1096 > eval line 1 > eval line 1 > eval, line 1: WEBGL_debug_renderer_info is deprecated in Firefox and will be removed. Please use RENDERER.
JavaScript warning: https://pagead2.googlesyndication.com/bg/Ydwwnsiz0RrvfpNl89rQqoBRiFg6eVxNIdbgsmjvwYM.js line 1 > eval line 26 > eval line 1 > eval line 1 > eval, line 1: WEBGL_debug_renderer_info is deprecated in Firefox and will be removed. Please use RENDERER.
JavaScript error: , line 0: TypeError: NetworkError when attempting to fetch resource.
JavaScript warning: https://pagead2.googlesyndication.com/bg/Ydwwnsiz0RrvfpNl89rQqoBRiFg6eVxNIdbgsmjvwYM.js line 1 > eval line 4179 > eval line 1 > eval line 1 > eval, line 1: WEBGL_debug_renderer_info is deprecated in Firefox and will be removed. Please use RENDERER.
JavaScript warning: https://pagead2.googlesyndication.com/bg/Ydwwnsiz0RrvfpNl89rQqoBRiFg6eVxNIdbgsmjvwYM.js line 1 > eval line 5179 > eval line 1 > eval line 1 > eval, line 1: WEBGL_debug_renderer_info is deprecated in Firefox and will be removed. Please use RENDERER.
JavaScript warning: https://pagead2.googlesyndication.com/bg/Ydwwnsiz0RrvfpNl89rQqoBRiFg6eVxNIdbgsmjvwYM.js line 1 > eval line 1405 > eval line 1 > eval line 1 > eval, line 1: WEBGL_debug_renderer_info is deprecated in Firefox and will be removed. Please use RENDERER.
JavaScript warning: https://pagead2.googlesyndication.com/bg/Ydwwnsiz0RrvfpNl89rQqoBRiFg6eVxNIdbgsmjvwYM.js line 1 > eval line 7802 > eval line 1 > eval line 1 > eval, line 1: WEBGL_debug_renderer_info is deprecated in Firefox and will be removed. Please use RENDERER.
[Child 36012, MediaDecoderStateMachine #3] WARNING: 123a73c00 Could not set cubeb stream name.: file /builds/worker/checkouts/gecko/dom/media/AudioStream.cpp:367
JavaScript warning: https://pagead2.googlesyndication.com/bg/Ydwwnsiz0RrvfpNl89rQqoBRiFg6eVxNIdbgsmjvwYM.js line 1 > eval line 2890 > eval line 1 > eval line 1 > eval, line 1: WEBGL_debug_renderer_info is deprecated in Firefox and will be removed. Please use RENDERER.
JavaScript error: , line 0: uncaught exception: 7
JavaScript error: , line 0: TypeError: NetworkError when attempting to fetch resource.
JavaScript error: , line 0: TypeError: NetworkError when attempting to fetch resource.
JavaScript error: , line 0: TypeError: NetworkError when attempting to fetch resource.
JavaScript error: , line 0: TypeError: NetworkError when attempting to fetch resource.
JavaScript error: , line 0: TypeError: NetworkError when attempting to fetch resource.
JavaScript error: , line 0: uncaught exception: 7
JavaScript warning: https://pagead2.googlesyndication.com/bg/Ydwwnsiz0RrvfpNl89rQqoBRiFg6eVxNIdbgsmjvwYM.js line 1 > eval line 7154 > eval line 1 > eval line 1 > eval, line 1: WEBGL_debug_renderer_info is deprecated in Firefox and will be removed. Please use RENDERER.
JavaScript warning: https://pagead2.googlesyndication.com/bg/Ydwwnsiz0RrvfpNl89rQqoBRiFg6eVxNIdbgsmjvwYM.js line 1 > eval line 6888 > eval line 1 > eval line 1 > eval, line 1: WEBGL_debug_renderer_info is deprecated in Firefox and will be removed. Please use RENDERER.
[Child 36012, MediaDecoderStateMachine #3] WARNING: 1234d5d00 Could not set cubeb stream name.: file /builds/worker/checkouts/gecko/dom/media/AudioStream.cpp:367
JavaScript warning: https://pagead2.googlesyndication.com/bg/Ydwwnsiz0RrvfpNl89rQqoBRiFg6eVxNIdbgsmjvwYM.js line 1 > eval line 7102 > eval line 1 > eval line 1 > eval, line 1: WEBGL_debug_renderer_info is deprecated in Firefox and will be removed. Please use RENDERER.
JavaScript warning: https://pagead2.googlesyndication.com/bg/Ydwwnsiz0RrvfpNl89rQqoBRiFg6eVxNIdbgsmjvwYM.js line 1 > eval line 4788 > eval line 1 > eval line 1 > eval, line 1: WEBGL_debug_renderer_info is deprecated in Firefox and will be removed. Please use RENDERER.
JavaScript warning: https://pagead2.googlesyndication.com/bg/Ydwwnsiz0RrvfpNl89rQqoBRiFg6eVxNIdbgsmjvwYM.js line 1 > eval line 659 > eval line 1 > eval line 1 > eval, line 1: WEBGL_debug_renderer_info is deprecated in Firefox and will be removed. Please use RENDERER.
JavaScript warning: https://pagead2.googlesyndication.com/bg/Ydwwnsiz0RrvfpNl89rQqoBRiFg6eVxNIdbgsmjvwYM.js line 1 > eval line 7218 > eval line 1 > eval line 1 > eval, line 1: WEBGL_debug_renderer_info is deprecated in Firefox and will be removed. Please use RENDERER.
JavaScript error: https://c1.imgiz.com/player_others/html5/DisplayVast2.js?v=4, line 1478: TypeError: _vpaidContainer.contentWindow is null
[Child 36012, MediaDecoderStateMachine #3] WARNING: 11fe28100 Could not set cubeb stream name.: file /builds/worker/checkouts/gecko/dom/media/AudioStream.cpp:367
JavaScript error: https://static.doviz.com/js/common.1634893615.js, line 157: TypeError: ws is null
1636707823451	Marionette	INFO	Stopped listening on port 59646
JavaScript error: resource:///modules/Interactions.jsm, line 230: NS_ERROR_FAILURE: Component returned failure code: 0x80004005 (NS_ERROR_FAILURE) [nsIUserIdleService.removeIdleObserver]
JavaScript error: , line 0: TypeError: NetworkError when attempting to fetch resource.
JavaScript error: , line 0: TypeError: NetworkError when attempting to fetch resource.
JavaScript error: , line 0: TypeError: NetworkError when attempting to fetch resource.
JavaScript error: , line 0: TypeError: NetworkError when attempting to fetch resource.
JavaScript error: , line 0: TypeError: NetworkError when attempting to fetch resource.
JavaScript error: , line 0: TypeError: NetworkError when attempting to fetch resource.
JavaScript error: chrome://remote/content/marionette/cert.js, line 55: NS_ERROR_NOT_AVAILABLE: Component returned failure code: 0x80040111 (NS_ERROR_NOT_AVAILABLE) [nsICertOverrideService.setDisableAllSecurityChecksAndLetAttackersInterceptMyData]

###!!! [Child][MessageChannel] Error: (msgtype=0x5A0004,name=PHttpChannel::Msg_Cancel) Channel closing: too late to send/recv, messages will be lost


###!!! [Child][MessageChannel] Error: (msgtype=0x5A0008,name=PHttpChannel::Msg_DeletingChannel) Channel closing: too late to send/recv, messages will be lost


###!!! [Child][MessageChannel] Error: (msgtype=0x5A0004,name=PHttpChannel::Msg_Cancel) Channel closing: too late to send/recv, messages will be lost


###!!! [Child][MessageChannel] Error: (msgtype=0x5A0008,name=PHttpChannel::Msg_DeletingChannel) Channel closing: too late to send/recv, messages will be lost


###!!! [Child][MessageChannel] Error: (msgtype=0x5A0004,name=PHttpChannel::Msg_Cancel) Channel closing: too late to send/recv, messages will be lost


###!!! [Child][MessageChannel] Error: (msgtype=0x5A0008,name=PHttpChannel::Msg_DeletingChannel) Channel closing: too late to send/recv, messages will be lost


###!!! [Child][MessageChannel] Error: (msgtype=0x5A0004,name=PHttpChannel::Msg_Cancel) Channel closing: too late to send/recv, messages will be lost


###!!! [Child][MessageChannel] Error: (msgtype=0x5A0008,name=PHttpChannel::Msg_DeletingChannel) Channel closing: too late to send/recv, messages will be lost


###!!! [Child][MessageChannel] Error: (msgtype=0x5A0004,name=PHttpChannel::Msg_Cancel) Channel closing: too late to send/recv, messages will be lost


###!!! [Child][MessageChannel] Error: (msgtype=0x5A0008,name=PHttpChannel::Msg_DeletingChannel) Channel closing: too late to send/recv, messages will be lost


###!!! [Child][MessageChannel] Error: (msgtype=0x5A0004,name=PHttpChannel::Msg_Cancel) Channel closing: too late to send/recv, messages will be lost


###!!! [Child][MessageChannel] Error: (msgtype=0x5A0008,name=PHttpChannel::Msg_DeletingChannel) Channel closing: too late to send/recv, messages will be lost


###!!! [Child][MessageChannel] Error: (msgtype=0x5A0004,name=PHttpChannel::Msg_Cancel) Channel closing: too late to send/recv, messages will be lost


###!!! [Child][MessageChannel] Error: (msgtype=0x5A0008,name=PHttpChannel::Msg_DeletingChannel) Channel closing: too late to send/recv, messages will be lost


###!!! [Child][MessageChannel] Error: (msgtype=0x5A0004,name=PHttpChannel::Msg_Cancel) Channel closing: too late to send/recv, messages will be lost


###!!! [Child][MessageChannel] Error: (msgtype=0x5A0008,name=PHttpChannel::Msg_DeletingChannel) Channel closing: too late to send/recv, messages will be lost


###!!! [Child][MessageChannel] Error: (msgtype=0x5A0004,name=PHttpChannel::Msg_Cancel) Channel closing: too late to send/recv, messages will be lost


###!!! [Child][MessageChannel] Error: (msgtype=0x5A0008,name=PHttpChannel::Msg_DeletingChannel) Channel closing: too late to send/recv, messages will be lost


###!!! [Child][MessageChannel] Error: (msgtype=0x5A0004,name=PHttpChannel::Msg_Cancel) Channel closing: too late to send/recv, messages will be lost


###!!! [Child][MessageChannel] Error: (msgtype=0x5A0008,name=PHttpChannel::Msg_DeletingChannel) Channel closing: too late to send/recv, messages will be lost


###!!! [Child][MessageChannel] Error: (msgtype=0x5A0004,name=PHttpChannel::Msg_Cancel) Channel closing: too late to send/recv, messages will be lost


###!!! [Child][MessageChannel] Error: (msgtype=0x5A0008,name=PHttpChannel::Msg_DeletingChannel) Channel closing: too late to send/recv, messages will be lost


###!!! [Child][MessageChannel] Error: (msgtype=0x5A0004,name=PHttpChannel::Msg_Cancel) Channel closing: too late to send/recv, messages will be lost


###!!! [Child][MessageChannel] Error: (msgtype=0x5A0008,name=PHttpChannel::Msg_DeletingChannel) Channel closing: too late to send/recv, messages will be lost


###!!! [Child][MessageChannel] Error: (msgtype=0x5A0004,name=PHttpChannel::Msg_Cancel) Channel closing: too late to send/recv, messages will be lost


###!!! [Child][MessageChannel] Error: (msgtype=0x5A0008,name=PHttpChannel::Msg_DeletingChannel) Channel closing: too late to send/recv, messages will be lost


###!!! [Child][MessageChannel] Error: (msgtype=0x5A0004,name=PHttpChannel::Msg_Cancel) Channel closing: too late to send/recv, messages will be lost


###!!! [Child][MessageChannel] Error: (msgtype=0x5A0008,name=PHttpChannel::Msg_DeletingChannel) Channel closing: too late to send/recv, messages will be lost


###!!! [Child][MessageChannel] Error: (msgtype=0x5A0004,name=PHttpChannel::Msg_Cancel) Channel closing: too late to send/recv, messages will be lost


###!!! [Child][MessageChannel] Error: (msgtype=0x5A0008,name=PHttpChannel::Msg_DeletingChannel) Channel closing: too late to send/recv, messages will be lost


###!!! [Child][MessageChannel] Error: (msgtype=0x5A0004,name=PHttpChannel::Msg_Cancel) Channel closing: too late to send/recv, messages will be lost


###!!! [Child][MessageChannel] Error: (msgtype=0x5A0008,name=PHttpChannel::Msg_DeletingChannel) Channel closing: too late to send/recv, messages will be lost


###!!! [Child][MessageChannel] Error: (msgtype=0x5A0004,name=PHttpChannel::Msg_Cancel) Channel closing: too late to send/recv, messages will be lost


###!!! [Child][MessageChannel] Error: (msgtype=0x5A0008,name=PHttpChannel::Msg_DeletingChannel) Channel closing: too late to send/recv, messages will be lost


###!!! [Child][MessageChannel] Error: (msgtype=0x5A0004,name=PHttpChannel::Msg_Cancel) Channel closing: too late to send/recv, messages will be lost


###!!! [Child][MessageChannel] Error: (msgtype=0x5A0008,name=PHttpChannel::Msg_DeletingChannel) Channel closing: too late to send/recv, messages will be lost


###!!! [Child][MessageChannel] Error: (msgtype=0x5A0004,name=PHttpChannel::Msg_Cancel) Channel closing: too late to send/recv, messages will be lost


###!!! [Child][MessageChannel] Error: (msgtype=0x5A0008,name=PHttpChannel::Msg_DeletingChannel) Channel closing: too late to send/recv, messages will be lost


###!!! [Child][MessageChannel] Error: (msgtype=0x5A0004,name=PHttpChannel::Msg_Cancel) Channel closing: too late to send/recv, messages will be lost


###!!! [Child][MessageChannel] Error: (msgtype=0x5A0008,name=PHttpChannel::Msg_DeletingChannel) Channel closing: too late to send/recv, messages will be lost


###!!! [Child][MessageChannel] Error: (msgtype=0x5A0004,name=PHttpChannel::Msg_Cancel) Channel closing: too late to send/recv, messages will be lost


###!!! [Child][MessageChannel] Error: (msgtype=0x5A0008,name=PHttpChannel::Msg_DeletingChannel) Channel closing: too late to send/recv, messages will be lost


###!!! [Child][MessageChannel] Error: (msgtype=0x5A0004,name=PHttpChannel::Msg_Cancel) Channel closing: too late to send/recv, messages will be lost


###!!! [Child][MessageChannel] Error: (msgtype=0x5A0008,name=PHttpChannel::Msg_DeletingChannel) Channel closing: too late to send/recv, messages will be lost


###!!! [Child][MessageChannel] Error: (msgtype=0x5A0004,name=PHttpChannel::Msg_Cancel) Channel closing: too late to send/recv, messages will be lost


###!!! [Child][MessageChannel] Error: (msgtype=0x5A0008,name=PHttpChannel::Msg_DeletingChannel) Channel closing: too late to send/recv, messages will be lost


###!!! [Child][MessageChannel] Error: (msgtype=0x5A0004,name=PHttpChannel::Msg_Cancel) Channel closing: too late to send/recv, messages will be lost


###!!! [Child][MessageChannel] Error: (msgtype=0x5A0008,name=PHttpChannel::Msg_DeletingChannel) Channel closing: too late to send/recv, messages will be lost


###!!! [Child][MessageChannel] Error: (msgtype=0x5A0004,name=PHttpChannel::Msg_Cancel) Channel closing: too late to send/recv, messages will be lost


###!!! [Child][MessageChannel] Error: (msgtype=0x5A0008,name=PHttpChannel::Msg_DeletingChannel) Channel closing: too late to send/recv, messages will be lost


###!!! [Child][MessageChannel] Error: (msgtype=0x5A0004,name=PHttpChannel::Msg_Cancel) Channel closing: too late to send/recv, messages will be lost


###!!! [Child][MessageChannel] Error: (msgtype=0x5A0008,name=PHttpChannel::Msg_DeletingChannel) Channel closing: too late to send/recv, messages will be lost


###!!! [Child][MessageChannel] Error: (msgtype=0x5A0004,name=PHttpChannel::Msg_Cancel) Channel closing: too late to send/recv, messages will be lost


###!!! [Child][MessageChannel] Error: (msgtype=0x5A0008,name=PHttpChannel::Msg_DeletingChannel) Channel closing: too late to send/recv, messages will be lost


###!!! [Child][MessageChannel] Error: (msgtype=0x5A0004,name=PHttpChannel::Msg_Cancel) Channel closing: too late to send/recv, messages will be lost


###!!! [Child][MessageChannel] Error: (msgtype=0x5A0008,name=PHttpChannel::Msg_DeletingChannel) Channel closing: too late to send/recv, messages will be lost


###!!! [Child][MessageChannel] Error: (msgtype=0x5A0004,name=PHttpChannel::Msg_Cancel) Channel closing: too late to send/recv, messages will be lost


###!!! [Child][MessageChannel] Error: (msgtype=0x5A0008,name=PHttpChannel::Msg_DeletingChannel) Channel closing: too late to send/recv, messages will be lost


###!!! [Child][MessageChannel] Error: (msgtype=0x5A0004,name=PHttpChannel::Msg_Cancel) Channel closing: too late to send/recv, messages will be lost


###!!! [Child][MessageChannel] Error: (msgtype=0x5A0008,name=PHttpChannel::Msg_DeletingChannel) Channel closing: too late to send/recv, messages will be lost


###!!! [Child][MessageChannel] Error: (msgtype=0x5A0004,name=PHttpChannel::Msg_Cancel) Channel closing: too late to send/recv, messages will be lost


###!!! [Child][MessageChannel] Error: (msgtype=0x5A0008,name=PHttpChannel::Msg_DeletingChannel) Channel closing: too late to send/recv, messages will be lost


###!!! [Child][MessageChannel] Error: (msgtype=0x5A0004,name=PHttpChannel::Msg_Cancel) Channel closing: too late to send/recv, messages will be lost


###!!! [Child][MessageChannel] Error: (msgtype=0x5A0008,name=PHttpChannel::Msg_DeletingChannel) Channel closing: too late to send/recv, messages will be lost


###!!! [Child][MessageChannel] Error: (msgtype=0x5A0004,name=PHttpChannel::Msg_Cancel) Channel closing: too late to send/recv, messages will be lost


###!!! [Child][MessageChannel] Error: (msgtype=0x5A0008,name=PHttpChannel::Msg_DeletingChannel) Channel closing: too late to send/recv, messages will be lost


###!!! [Child][MessageChannel] Error: (msgtype=0x5A0004,name=PHttpChannel::Msg_Cancel) Channel closing: too late to send/recv, messages will be lost


###!!! [Child][MessageChannel] Error: (msgtype=0x5A0008,name=PHttpChannel::Msg_DeletingChannel) Channel closing: too late to send/recv, messages will be lost


###!!! [Child][MessageChannel] Error: (msgtype=0x5A0004,name=PHttpChannel::Msg_Cancel) Channel closing: too late to send/recv, messages will be lost


###!!! [Child][MessageChannel] Error: (msgtype=0x5A0008,name=PHttpChannel::Msg_DeletingChannel) Channel closing: too late to send/recv, messages will be lost


###!!! [Child][MessageChannel] Error: (msgtype=0x5A0004,name=PHttpChannel::Msg_Cancel) Channel closing: too late to send/recv, messages will be lost


###!!! [Child][MessageChannel] Error: (msgtype=0x5A0008,name=PHttpChannel::Msg_DeletingChannel) Channel closing: too late to send/recv, messages will be lost


###!!! [Child][MessageChannel] Error: (msgtype=0x5A0004,name=PHttpChannel::Msg_Cancel) Channel closing: too late to send/recv, messages will be lost


###!!! [Child][MessageChannel] Error: (msgtype=0x5A0008,name=PHttpChannel::Msg_DeletingChannel) Channel closing: too late to send/recv, messages will be lost


###!!! [Child][MessageChannel] Error: (msgtype=0x5A0004,name=PHttpChannel::Msg_Cancel) Channel closing: too late to send/recv, messages will be lost


###!!! [Child][MessageChannel] Error: (msgtype=0x5A0008,name=PHttpChannel::Msg_DeletingChannel) Channel closing: too late to send/recv, messages will be lost


###!!! [Child][MessageChannel] Error: (msgtype=0x5A0004,name=PHttpChannel::Msg_Cancel) Channel closing: too late to send/recv, messages will be lost


###!!! [Child][MessageChannel] Error: (msgtype=0x5A0008,name=PHttpChannel::Msg_DeletingChannel) Channel closing: too late to send/recv, messages will be lost


###!!! [Child][MessageChannel] Error: (msgtype=0x5A0004,name=PHttpChannel::Msg_Cancel) Channel closing: too late to send/recv, messages will be lost


###!!! [Child][MessageChannel] Error: (msgtype=0x5A0008,name=PHttpChannel::Msg_DeletingChannel) Channel closing: too late to send/recv, messages will be lost


###!!! [Child][MessageChannel] Error: (msgtype=0x5A0004,name=PHttpChannel::Msg_Cancel) Channel closing: too late to send/recv, messages will be lost


###!!! [Child][MessageChannel] Error: (msgtype=0x5A0008,name=PHttpChannel::Msg_DeletingChannel) Channel closing: too late to send/recv, messages will be lost


###!!! [Child][MessageChannel] Error: (msgtype=0x5A0004,name=PHttpChannel::Msg_Cancel) Channel closing: too late to send/recv, messages will be lost


###!!! [Child][MessageChannel] Error: (msgtype=0x5A0008,name=PHttpChannel::Msg_DeletingChannel) Channel closing: too late to send/recv, messages will be lost


###!!! [Child][MessageChannel] Error: (msgtype=0x5A0004,name=PHttpChannel::Msg_Cancel) Channel closing: too late to send/recv, messages will be lost


###!!! [Child][MessageChannel] Error: (msgtype=0x5A0008,name=PHttpChannel::Msg_DeletingChannel) Channel closing: too late to send/recv, messages will be lost


###!!! [Child][MessageChannel] Error: (msgtype=0x5A0004,name=PHttpChannel::Msg_Cancel) Channel closing: too late to send/recv, messages will be lost


###!!! [Child][MessageChannel] Error: (msgtype=0x5A0008,name=PHttpChannel::Msg_DeletingChannel) Channel closing: too late to send/recv, messages will be lost


###!!! [Child][MessageChannel] Error: (msgtype=0x5A0004,name=PHttpChannel::Msg_Cancel) Channel closing: too late to send/recv, messages will be lost


###!!! [Child][MessageChannel] Error: (msgtype=0x5A0008,name=PHttpChannel::Msg_DeletingChannel) Channel closing: too late to send/recv, messages will be lost


###!!! [Child][MessageChannel] Error: (msgtype=0x5A0004,name=PHttpChannel::Msg_Cancel) Channel closing: too late to send/recv, messages will be lost


###!!! [Child][MessageChannel] Error: (msgtype=0x5A0008,name=PHttpChannel::Msg_DeletingChannel) Channel closing: too late to send/recv, messages will be lost


###!!! [Child][MessageChannel] Error: (msgtype=0x5A0004,name=PHttpChannel::Msg_Cancel) Channel closing: too late to send/recv, messages will be lost


###!!! [Child][MessageChannel] Error: (msgtype=0x5A0008,name=PHttpChannel::Msg_DeletingChannel) Channel closing: too late to send/recv, messages will be lost


###!!! [Child][MessageChannel] Error: (msgtype=0x5A0004,name=PHttpChannel::Msg_Cancel) Channel closing: too late to send/recv, messages will be lost


###!!! [Child][MessageChannel] Error: (msgtype=0x5A0008,name=PHttpChannel::Msg_DeletingChannel) Channel closing: too late to send/recv, messages will be lost


###!!! [Child][MessageChannel] Error: (msgtype=0x5A0004,name=PHttpChannel::Msg_Cancel) Channel closing: too late to send/recv, messages will be lost


###!!! [Child][MessageChannel] Error: (msgtype=0x5A0008,name=PHttpChannel::Msg_DeletingChannel) Channel closing: too late to send/recv, messages will be lost


###!!! [Child][MessageChannel] Error: (msgtype=0x5A0004,name=PHttpChannel::Msg_Cancel) Channel closing: too late to send/recv, messages will be lost


###!!! [Child][MessageChannel] Error: (msgtype=0x5A0008,name=PHttpChannel::Msg_DeletingChannel) Channel closing: too late to send/recv, messages will be lost


###!!! [Child][MessageChannel] Error: (msgtype=0x5A0004,name=PHttpChannel::Msg_Cancel) Channel closing: too late to send/recv, messages will be lost


###!!! [Child][MessageChannel] Error: (msgtype=0x5A0008,name=PHttpChannel::Msg_DeletingChannel) Channel closing: too late to send/recv, messages will be lost


###!!! [Child][MessageChannel] Error: (msgtype=0x5A0004,name=PHttpChannel::Msg_Cancel) Channel closing: too late to send/recv, messages will be lost


###!!! [Child][MessageChannel] Error: (msgtype=0x5A0008,name=PHttpChannel::Msg_DeletingChannel) Channel closing: too late to send/recv, messages will be lost


###!!! [Child][MessageChannel] Error: (msgtype=0x5A0004,name=PHttpChannel::Msg_Cancel) Channel closing: too late to send/recv, messages will be lost


###!!! [Child][MessageChannel] Error: (msgtype=0x5A0008,name=PHttpChannel::Msg_DeletingChannel) Channel closing: too late to send/recv, messages will be lost


###!!! [Child][MessageChannel] Error: (msgtype=0x5A0004,name=PHttpChannel::Msg_Cancel) Channel closing: too late to send/recv, messages will be lost


###!!! [Child][MessageChannel] Error: (msgtype=0x5A0008,name=PHttpChannel::Msg_DeletingChannel) Channel closing: too late to send/recv, messages will be lost


###!!! [Child][MessageChannel] Error: (msgtype=0x5A0004,name=PHttpChannel::Msg_Cancel) Channel closing: too late to send/recv, messages will be lost


###!!! [Child][MessageChannel] Error: (msgtype=0x5A0008,name=PHttpChannel::Msg_DeletingChannel) Channel closing: too late to send/recv, messages will be lost


###!!! [Child][MessageChannel] Error: (msgtype=0x5A0004,name=PHttpChannel::Msg_Cancel) Channel closing: too late to send/recv, messages will be lost


###!!! [Child][MessageChannel] Error: (msgtype=0x5A0008,name=PHttpChannel::Msg_DeletingChannel) Channel closing: too late to send/recv, messages will be lost


###!!! [Child][MessageChannel] Error: (msgtype=0x5A0004,name=PHttpChannel::Msg_Cancel) Channel closing: too late to send/recv, messages will be lost


###!!! [Child][MessageChannel] Error: (msgtype=0x5A0008,name=PHttpChannel::Msg_DeletingChannel) Channel closing: too late to send/recv, messages will be lost


###!!! [Child][MessageChannel] Error: (msgtype=0x5A0004,name=PHttpChannel::Msg_Cancel) Channel closing: too late to send/recv, messages will be lost


###!!! [Child][MessageChannel] Error: (msgtype=0x5A0008,name=PHttpChannel::Msg_DeletingChannel) Channel closing: too late to send/recv, messages will be lost


###!!! [Child][MessageChannel] Error: (msgtype=0x5A0004,name=PHttpChannel::Msg_Cancel) Channel closing: too late to send/recv, messages will be lost


###!!! [Child][MessageChannel] Error: (msgtype=0x5A0008,name=PHttpChannel::Msg_DeletingChannel) Channel closing: too late to send/recv, messages will be lost


###!!! [Child][MessageChannel] Error: (msgtype=0x5A0004,name=PHttpChannel::Msg_Cancel) Channel closing: too late to send/recv, messages will be lost


###!!! [Child][MessageChannel] Error: (msgtype=0x5A0008,name=PHttpChannel::Msg_DeletingChannel) Channel closing: too late to send/recv, messages will be lost


###!!! [Child][MessageChannel] Error: (msgtype=0x5A0004,name=PHttpChannel::Msg_Cancel) Channel closing: too late to send/recv, messages will be lost


###!!! [Child][MessageChannel] Error: (msgtype=0x5A0008,name=PHttpChannel::Msg_DeletingChannel) Channel closing: too late to send/recv, messages will be lost


###!!! [Child][MessageChannel] Error: (msgtype=0x5A0004,name=PHttpChannel::Msg_Cancel) Channel closing: too late to send/recv, messages will be lost


###!!! [Child][MessageChannel] Error: (msgtype=0x5A0008,name=PHttpChannel::Msg_DeletingChannel) Channel closing: too late to send/recv, messages will be lost


###!!! [Child][MessageChannel] Error: (msgtype=0x5A0004,name=PHttpChannel::Msg_Cancel) Channel closing: too late to send/recv, messages will be lost


###!!! [Child][MessageChannel] Error: (msgtype=0x5A0008,name=PHttpChannel::Msg_DeletingChannel) Channel closing: too late to send/recv, messages will be lost


###!!! [Child][MessageChannel] Error: (msgtype=0x5A0004,name=PHttpChannel::Msg_Cancel) Channel closing: too late to send/recv, messages will be lost


###!!! [Child][MessageChannel] Error: (msgtype=0x5A0008,name=PHttpChannel::Msg_DeletingChannel) Channel closing: too late to send/recv, messages will be lost


###!!! [Child][MessageChannel] Error: (msgtype=0x5A0004,name=PHttpChannel::Msg_Cancel) Channel closing: too late to send/recv, messages will be lost


###!!! [Child][MessageChannel] Error: (msgtype=0x5A0008,name=PHttpChannel::Msg_DeletingChannel) Channel closing: too late to send/recv, messages will be lost

